IQ-TREE multicore version 2.3.4 COVID-edition for Windows 64-bit built Apr 27 2024
Developed by Bui Quang Minh, James Barbetti, Nguyen Lam Tung, Olga Chernomor,
Heiko Schmidt, Dominik Schrempf, Michael Woodhams, Ly Trong Nhan, Thomas Wong

Host:    DESKTOP-6QIQ0S3 (AVX512, FMA3, 15 GB RAM)
Command: C:\Users\Vane\Desktop\iqtree-2.3.4-Windows\bin\iqtree2.exe -s secuencia.fasta -B 1000
Seed:    269445 (Using SPRNG - Scalable Parallel Random Number Generator)
Time:    Wed Jun 26 14:33:23 2024
Kernel:  AVX+FMA - 1 threads (8 CPU cores detected)

HINT: Use -nt option to specify number of threads because your CPU has 8 cores!
HINT: -nt AUTO will automatically determine the best number of threads to use.

Reading alignment file secuencia.fasta ... Fasta format detected
Reading fasta file: done in 0.0005415 secs
ERROR: Sequence Nanorana_parkeri contains not enough characters (549)
ERROR: Sequence Rana_temporaria contains not enough characters (5688)
ERROR: Sequence Bufo_bufo contains not enough characters (5535)
ERROR: Sequence Bufo_gargarizans contains too many characters (8751)
ERROR: Sequence Bombina_bombina contains too many characters (6768)
ERROR: Sequence Hyla_sarda contains not enough characters (5644)
ERROR: Sequence Pseudophryne_corroboree contains not enough characters (6307)
ERROR: 
